<?xml version="1.0" encoding="UTF-8"?>
<testsuite xmlns:xsi="http://www.w3.org/2001/XMLSchema-instance" xsi:noNamespaceSchemaLocation="https://maven.apache.org/surefire/maven-surefire-plugin/xsd/surefire-test-report-3.0.xsd" version="3.0" name="com.quantcast.cookieanalyzer.CookieServiceTest" time="0.073" tests="4" errors="0" skipped="0" failures="0">
  <properties>
[...]
</properties>
  <testcase name="shouldReturnMultipleCookiesWhenTie" classname="com.quantcast.cookieanalyzer.CookieServiceTest" time="0.035"/>
  <testcase name="shouldReturnEmptyListWhenNoCookies" classname="com.quantcast.cookieanalyzer.CookieServiceTest" time="0.001"/>
  <testcase name="shouldReturnMostActiveCookie" classname="com.quantcast.cookieanalyzer.CookieServiceTest" time="0.003"/>
  <testcase name="shouldThrowExceptionForInvalidCsvRow" classname="com.quantcast.cookieanalyzer.CookieServiceTest" time="0.002"/>
</testsuite>